<?xml version="1.0" encoding="UTF-8"?>
<!-- Generated by org.testng.reporters.JUnitReportReporter -->
<testsuite hostname="DESKTOP-S4MKK2N" failures="0" tests="2" name="TestNGpack.Tc1" time="0.018" errors="0" timestamp="2023-01-27T18:35:38 IST" skipped="0">
  <testcase classname="TestNGpack.Tc1" name="Test2" time="0.006"/>
  <system-out/>
  <testcase classname="TestNGpack.Tc1" name="Test1" time="0.012"/>
  <system-out/>
</testsuite> <!-- TestNGpack.Tc1 -->
