<?xml version="1.0" encoding="UTF-8"?>
<!-- Generated by org.testng.reporters.JUnitReportReporter -->
<testsuite hostname="DESKTOP-S4MKK2N" failures="0" tests="2" name="testNGpakage2.First_class" time="0.037" errors="0" timestamp="2023-01-21T13:36:52 IST" skipped="0">
  <testcase classname="testNGpakage2.First_class" name="Regestration" time="0.027"/>
  <system-out/>
  <testcase classname="testNGpakage2.First_class" name="login" time="0.010"/>
  <system-out/>
</testsuite> <!-- testNGpakage2.First_class -->
