<?xml version="1.0" encoding="UTF-8"?>
<!-- Generated by org.testng.reporters.JUnitReportReporter -->
<testsuite hostname="DESKTOP-S4MKK2N" failures="0" tests="5" name="testNGpakage2.P1" time="0.060" errors="0" timestamp="2023-01-21T14:14:53 IST" skipped="0">
  <testcase classname="testNGpakage2.P1" name="z" time="0.033"/>
  <system-out>
    <![CDATA[z]]>
  </system-out>
  <testcase classname="testNGpakage2.P1" name="B" time="0.009"/>
  <system-out>
    <![CDATA[B]]>
  </system-out>
  <testcase classname="testNGpakage2.P1" name="h" time="0.008"/>
  <system-out>
    <![CDATA[H]]>
  </system-out>
  <testcase classname="testNGpakage2.P1" name="A" time="0.008"/>
  <system-out>
    <![CDATA[A]]>
  </system-out>
  <testcase classname="testNGpakage2.P1" name="M" time="0.002"/>
  <system-out>
    <![CDATA[M]]>
  </system-out>
</testsuite> <!-- testNGpakage2.P1 -->
