<?xml version="1.0" encoding="UTF-8"?>
<!-- Generated by org.testng.reporters.JUnitReportReporter -->
<testsuite hostname="DESKTOP-S4MKK2N" failures="0" tests="1" name="TestNGpack2.class2" time="33.767" errors="0" timestamp="2023-01-27T11:11:57 IST" skipped="0">
  <testcase classname="TestNGpack2.class2" name="mt" time="33.767"/>
  <system-out>
    <![CDATA[CLASS2 method!!]]>
  </system-out>
</testsuite> <!-- TestNGpack2.class2 -->
