<?xml version="1.0" encoding="UTF-8"?>
<!-- Generated by org.testng.reporters.JUnitReportReporter -->
<testsuite hostname="DESKTOP-S4MKK2N" failures="0" tests="1" name="testNGpakage2.VerifyPageTitle" time="30.271" errors="0" timestamp="2023-01-25T20:10:30 IST" skipped="0">
  <testcase classname="testNGpakage2.VerifyPageTitle" name="VerifiyTitle" time="30.271"/>
  <system-out/>
</testsuite> <!-- testNGpakage2.VerifyPageTitle -->
