<?xml version="1.0" encoding="UTF-8"?>
<!-- Generated by org.testng.reporters.JUnitReportReporter -->
<testsuite hostname="DESKTOP-S4MKK2N" failures="0" tests="5" name="TestNGParallel.TestNG_Parallel1" time="110.993" errors="0" timestamp="2023-01-27T23:09:39 IST" skipped="0">
  <testcase classname="TestNGParallel.TestNG_Parallel1" name="TC2" time="18.306"/>
  <system-out/>
  <testcase classname="TestNGParallel.TestNG_Parallel1" name="TC3" time="0.007"/>
  <system-out/>
  <testcase classname="TestNGParallel.TestNG_Parallel1" name="TC1" time="22.769"/>
  <system-out/>
  <testcase classname="TestNGParallel.TestNG_Parallel1" name="TC1" time="24.535"/>
  <system-out/>
  <testcase classname="TestNGParallel.TestNG_Parallel1" name="TC1" time="45.376"/>
  <system-out/>
</testsuite> <!-- TestNGParallel.TestNG_Parallel1 -->
