<?xml version="1.0" encoding="UTF-8"?>
<!-- Generated by org.testng.reporters.JUnitReportReporter -->
<testsuite hostname="DESKTOP-S4MKK2N" failures="0" tests="1" name="testNGpakage2.TestNG4" time="0.018" errors="0" timestamp="2023-01-23T14:39:34 IST" skipped="0">
  <testcase classname="testNGpakage2.TestNG4" name="Today" time="0.018"/>
  <system-out>
    <![CDATA[today method1is the thread ]]>
  </system-out>
</testsuite> <!-- testNGpakage2.TestNG4 -->
