<?xml version="1.0" encoding="UTF-8"?>
<!-- Generated by org.testng.reporters.JUnitReportReporter -->
<testsuite hostname="DESKTOP-S4MKK2N" failures="0" tests="2" name="TestNGpack.Tc2" time="0.026" errors="0" timestamp="2023-01-27T18:43:00 IST" skipped="0">
  <testcase classname="TestNGpack.Tc2" name="Test3" time="0.014"/>
  <system-out/>
  <testcase classname="TestNGpack.Tc2" name="Test4" time="0.012"/>
  <system-out/>
</testsuite> <!-- TestNGpack.Tc2 -->
