<?xml version="1.0" encoding="UTF-8"?>
<!-- Generated by org.testng.reporters.JUnitReportReporter -->
<testsuite hostname="DESKTOP-S4MKK2N" failures="0" tests="9" name="TestNGpack2.Priortyclass" time="0.102" errors="0" timestamp="2023-01-27T11:37:00 IST" skipped="0">
  <testcase classname="TestNGpack2.Priortyclass" name="k" time="0.005"/>
  <system-out>
    <![CDATA[k]]>
  </system-out>
  <testcase classname="TestNGpack2.Priortyclass" name="g" time="0.006"/>
  <system-out>
    <![CDATA[g]]>
  </system-out>
  <testcase classname="TestNGpack2.Priortyclass" name="i" time="0.024"/>
  <system-out>
    <![CDATA[i]]>
  </system-out>
  <testcase classname="TestNGpack2.Priortyclass" name="b" time="0.020"/>
  <system-out>
    <![CDATA[b]]>
  </system-out>
  <testcase classname="TestNGpack2.Priortyclass" name="a" time="0.021"/>
  <system-out>
    <![CDATA[a]]>
  </system-out>
  <testcase classname="TestNGpack2.Priortyclass" name="h" time="0.006"/>
  <system-out>
    <![CDATA[h]]>
  </system-out>
  <testcase classname="TestNGpack2.Priortyclass" name="p" time="0.007"/>
  <system-out>
    <![CDATA[p]]>
  </system-out>
  <testcase classname="TestNGpack2.Priortyclass" name="z" time="0.006"/>
  <system-out>
    <![CDATA[z]]>
  </system-out>
  <testcase classname="TestNGpack2.Priortyclass" name="m" time="0.007"/>
  <system-out>
    <![CDATA[m]]>
  </system-out>
</testsuite> <!-- TestNGpack2.Priortyclass -->
