<?xml version="1.0" encoding="UTF-8"?>
<!-- Generated by org.testng.reporters.JUnitReportReporter -->
<testsuite hostname="DESKTOP-S4MKK2N" failures="0" tests="3" name="testNGpakage2.TestNG_Attribute" time="0.029" errors="0" timestamp="2023-01-20T16:42:02 IST" skipped="0">
  <testcase classname="testNGpakage2.TestNG_Attribute" name="Login" time="0.016"/>
  <system-out/>
  <testcase classname="testNGpakage2.TestNG_Attribute" name="Registration" time="0.010"/>
  <system-out/>
  <testcase classname="testNGpakage2.TestNG_Attribute" name="Homepge" time="0.003"/>
  <system-out/>
</testsuite> <!-- testNGpakage2.TestNG_Attribute -->
