<?xml version="1.0" encoding="UTF-8"?>
<!-- Generated by org.testng.reporters.JUnitReportReporter -->
<testsuite hostname="DESKTOP-S4MKK2N" failures="0" tests="1" name="TestNGpack.NewTest" time="19.449" errors="0" timestamp="2023-01-27T18:08:15 IST" skipped="0">
  <testcase classname="TestNGpack.NewTest" name="LoginPageOfActitime" time="19.449"/>
  <system-out/>
</testsuite> <!-- TestNGpack.NewTest -->
