<?xml version="1.0" encoding="UTF-8"?>
<!-- Generated by org.testng.reporters.JUnitReportReporter -->
<testsuite hostname="DESKTOP-S4MKK2N" failures="0" tests="1" name="TestNGpack.TestValidLogin" time="11.763" errors="0" timestamp="2023-01-27T10:38:57 IST" skipped="0">
  <testcase classname="TestNGpack.TestValidLogin" name="validLogin" time="11.763"/>
  <system-out/>
</testsuite> <!-- TestNGpack.TestValidLogin -->
