<?xml version="1.0" encoding="UTF-8"?>
<!-- Generated by org.testng.reporters.JUnitReportReporter -->
<testsuite hostname="DESKTOP-S4MKK2N" failures="0" tests="10" name="TestNGpack2.Flag3" time="55.379" errors="0" timestamp="2023-01-27T10:57:34 IST" skipped="0">
  <testcase classname="TestNGpack2.Flag3" name="flag3" time="3.989"/>
  <system-out/>
  <testcase classname="TestNGpack2.Flag3" name="flag3" time="3.859"/>
  <system-out/>
  <testcase classname="TestNGpack2.Flag3" name="flag3" time="5.837"/>
  <system-out/>
  <testcase classname="TestNGpack2.Flag3" name="flag3" time="4.906"/>
  <system-out/>
  <testcase classname="TestNGpack2.Flag3" name="flag3" time="6.453"/>
  <system-out/>
  <testcase classname="TestNGpack2.Flag3" name="flag3" time="6.961"/>
  <system-out/>
  <testcase classname="TestNGpack2.Flag3" name="flag3" time="5.822"/>
  <system-out/>
  <testcase classname="TestNGpack2.Flag3" name="flag3" time="6.321"/>
  <system-out/>
  <testcase classname="TestNGpack2.Flag3" name="flag3" time="6.809"/>
  <system-out/>
  <testcase classname="TestNGpack2.Flag3" name="flag3" time="4.422"/>
  <system-out/>
</testsuite> <!-- TestNGpack2.Flag3 -->
