<?xml version="1.0" encoding="UTF-8"?>
<!-- Generated by org.testng.reporters.JUnitReportReporter -->
<testsuite hostname="DESKTOP-S4MKK2N" failures="0" tests="1" name="TestNGPackage.Demo" time="0.016" errors="0" timestamp="2023-01-24T17:28:01 IST" skipped="0">
  <testcase classname="TestNGPackage.Demo" name="f" time="0.016"/>
  <system-out>
    <![CDATA[This is method of Demo1]]>
  </system-out>
</testsuite> <!-- TestNGPackage.Demo -->
