<?xml version="1.0" encoding="UTF-8"?>
<!-- Generated by org.testng.reporters.JUnitReportReporter -->
<testsuite hostname="DESKTOP-S4MKK2N" failures="0" tests="3" name="TESTNGPACK.Demo" time="0.022" errors="0" timestamp="2023-01-26T23:54:14 IST" skipped="0">
  <testcase classname="TESTNGPACK.Demo" name="demo1" time="0.003"/>
  <system-out>
    <![CDATA[This is demo1 method!!!]]>
  </system-out>
  <testcase classname="TESTNGPACK.Demo" name="demo2" time="0.003"/>
  <system-out>
    <![CDATA[This is demo2 method!!!]]>
  </system-out>
  <testcase classname="TESTNGPACK.Demo" name="demo" time="0.016"/>
  <system-out>
    <![CDATA[this is demo method!!]]>
  </system-out>
</testsuite> <!-- TESTNGPACK.Demo -->
