<?xml version="1.0" encoding="UTF-8"?>
<!-- Generated by org.testng.reporters.JUnitReportReporter -->
<testsuite hostname="DESKTOP-S4MKK2N" failures="0" tests="3" name="TESTNGPACK.sumo" time="0.027" errors="0" timestamp="2023-01-26T23:56:12 IST" skipped="0">
  <testcase classname="TESTNGPACK.sumo" name="sumo1" time="0.005"/>
  <system-out>
    <![CDATA[this is sumo1 method!!]]>
  </system-out>
  <testcase classname="TESTNGPACK.sumo" name="sumo2" time="0.003"/>
  <system-out>
    <![CDATA[this is sumo2 method!!]]>
  </system-out>
  <testcase classname="TESTNGPACK.sumo" name="sumo" time="0.019"/>
  <system-out>
    <![CDATA[this is sumo method!!]]>
  </system-out>
</testsuite> <!-- TESTNGPACK.sumo -->
